d:\documents\reverse engineering\trainer code\dinput8dllhookingokami\x64\debug\dinput8dllhooktemplate.pch
d:\documents\reverse engineering\trainer code\dinput8dllhookingokami\x64\debug\vc142.pdb
d:\documents\reverse engineering\trainer code\dinput8dllhookingokami\x64\debug\vc142.idb
d:\documents\reverse engineering\trainer code\dinput8dllhookingokami\x64\debug\stdafx.obj
d:\documents\reverse engineering\trainer code\dinput8dllhookingokami\x64\debug\hackthread.obj
d:\documents\reverse engineering\trainer code\dinput8dllhookingokami\x64\debug\proc.obj
d:\documents\reverse engineering\trainer code\dinput8dllhookingokami\x64\debug\mem.obj
d:\documents\reverse engineering\trainer code\dinput8dllhookingokami\x64\debug\dllmain.obj
d:\documents\reverse engineering\trainer code\dinput8dllhookingokami\x64\debug\dinput8dllhooktemplate.lib
d:\documents\reverse engineering\trainer code\dinput8dllhookingokami\x64\debug\dinput8dllhooktemplate.exp
d:\documents\reverse engineering\trainer code\dinput8dllhookingokami\x64\debug\dinput8dllhooktemplate.pdb
d:\documents\reverse engineering\trainer code\dinput8dllhookingokami\x64\debug\dinput8d.9075bb68.tlog\cl.command.1.tlog
d:\documents\reverse engineering\trainer code\dinput8dllhookingokami\x64\debug\dinput8d.9075bb68.tlog\cl.read.1.tlog
d:\documents\reverse engineering\trainer code\dinput8dllhookingokami\x64\debug\dinput8d.9075bb68.tlog\cl.write.1.tlog
d:\documents\reverse engineering\trainer code\dinput8dllhookingokami\x64\debug\dinput8d.9075bb68.tlog\dinput8dllhooktemplate.write.1u.tlog
d:\documents\reverse engineering\trainer code\dinput8dllhookingokami\x64\debug\dinput8d.9075bb68.tlog\link-cvtres.read.1.tlog
d:\documents\reverse engineering\trainer code\dinput8dllhookingokami\x64\debug\dinput8d.9075bb68.tlog\link-cvtres.write.1.tlog
d:\documents\reverse engineering\trainer code\dinput8dllhookingokami\x64\debug\dinput8d.9075bb68.tlog\link-rc.read.1.tlog
d:\documents\reverse engineering\trainer code\dinput8dllhookingokami\x64\debug\dinput8d.9075bb68.tlog\link-rc.write.1.tlog
d:\documents\reverse engineering\trainer code\dinput8dllhookingokami\x64\debug\dinput8d.9075bb68.tlog\link.command.1.tlog
d:\documents\reverse engineering\trainer code\dinput8dllhookingokami\x64\debug\dinput8d.9075bb68.tlog\link.read.1.tlog
d:\documents\reverse engineering\trainer code\dinput8dllhookingokami\x64\debug\dinput8d.9075bb68.tlog\link.write.1.tlog
